<?xml version="1.0" encoding="UTF-8"?>
<!-- Generated by org.testng.reporters.JUnitReportReporter -->
<testsuite hostname="DESKTOP-VV5IEOU" failures="0" tests="1" name="testscripts.Test1" time="3.520" errors="0" timestamp="2023-04-03T16:14:37 IST" skipped="0">
  <testcase classname="testscripts.Test1" name="test1" time="3.520"/>
  <system-out/>
</testsuite> <!-- testscripts.Test1 -->
