<?xml version="1.0" encoding="UTF-8"?>
<!-- Generated by org.testng.reporters.JUnitReportReporter -->
<testsuite hostname="DESKTOP-VV5IEOU" failures="0" tests="1" name="testscripts.Test2" time="5.035" errors="0" timestamp="2023-04-04T14:55:43 IST" skipped="0">
  <testcase classname="testscripts.Test2" name="test2" time="5.035"/>
  <system-out/>
</testsuite> <!-- testscripts.Test2 -->
