<?xml version="1.0" encoding="UTF-8"?>
<!-- Generated by org.testng.reporters.JUnitReportReporter -->
<testsuite hostname="DESKTOP-VV5IEOU" failures="0" tests="1" name="testscripts.Test3" time="7.127" errors="0" timestamp="2023-04-04T15:18:37 IST" skipped="0">
  <testcase classname="testscripts.Test3" name="test3" time="7.127"/>
  <system-out/>
</testsuite> <!-- testscripts.Test3 -->
